<?xml version="1.0" encoding="UTF-8"?>
<!-- Generated by org.testng.reporters.JUnitReportReporter -->
<testsuite hostname="Lenovo" name="com.testrunner.TestRunner" tests="3" failures="0" timestamp="30 Mar 2020 06:47:19 GMT" time="192.891" errors="0">
  <testcase name="runScenario" time="61.441" classname="com.testrunner.TestRunner"/>
  <testcase name="runScenario" time="65.464" classname="com.testrunner.TestRunner"/>
  <testcase name="runScenario" time="65.986" classname="com.testrunner.TestRunner"/>
</testsuite> <!-- com.testrunner.TestRunner -->
